<?xml version="1.0" encoding="UTF-8"?>
<!-- Generated by org.testng.reporters.JUnitXMLReporter -->
<testsuite hostname="INHYDLRGURAJALA" ignored="0" name="Test" tests="2" failures="0" timestamp="20 Dec 2019 11:52:04 GMT" time="87.301" errors="0">
  <testcase name="initiateJob" time="33.705" classname="com.agility.focis.jp.initiateJob.BookWithOutTemplate"/>
  <testcase name="basedOnOriginStakeholder" time="8.585" classname="com.agility.focis.jp.initiateJob.DefaultOriginOfficeBasedOnMDMConfig"/>
</testsuite> <!-- Test -->
